#
# A fatal error has been detected by the Java Runtime Environment:
#
#  EXCEPTION_ACCESS_VIOLATION (0xc0000005) at pc=0x000000006af44cd3, pid=18076, tid=13004
#
# JRE version: Java(TM) SE Runtime Environment (17.0.2+8) (build 17.0.2+8-LTS-86)
# Java VM: Java HotSpot(TM) 64-Bit Server VM (17.0.2+8-LTS-86, mixed mode, sharing, tiered, compressed oops, compressed class ptrs, g1 gc, windows-amd64)
# Problematic frame:
# C  [rxtxSerial.dll+0x4cd3]
#
# No core dump will be written. Minidumps are not enabled by default on client versions of Windows
#
# If you would like to submit a bug report, please visit:
#   https://bugreport.java.com/bugreport/crash.jsp
# The crash happened outside the Java Virtual Machine in native code.
# See problematic frame for where to report the bug.
#

---------------  S U M M A R Y ------------

Command Line: -XX:+ShowCodeDetailsInExceptionMessages -agentlib:jdwp=transport=dt_socket,suspend=y,address=localhost:60696 -Djava.library.path=C:\Users\94hsk\Desktop\JAVA_Data_Monitoring\Data_Monitoring\buildpath -javaagent:C:\Users\94hsk\eclipse\java-2021-12\eclipse\configuration\org.eclipse.osgi\224\0\.cp\lib\javaagent-shaded.jar -Dfile.encoding=MS949 GUI

Host: Intel(R) Core(TM) i5-8265U CPU @ 1.60GHz, 8 cores, 11G,  Windows 10 , 64 bit Build 19041 (10.0.19041.1466)
Time: Tue Feb  8 03:35:56 2022  Windows 10 , 64 bit Build 19041 (10.0.19041.1466) elapsed time: 8.262202 seconds (0d 0h 0m 8s)

---------------  T H R E A D  ---------------

Current thread (0x000001a9e1f069b0):  JavaThread "Thread-2" [_thread_in_native, id=13004, stack(0x0000007511600000,0x0000007511700000)]

Stack: [0x0000007511600000,0x0000007511700000],  sp=0x00000075116feca0,  free space=1019k
Native frames: (J=compiled Java code, j=interpreted, Vv=VM code, C=native code)
C  [rxtxSerial.dll+0x4cd3]

Java frames: (J=compiled Java code, j=interpreted, Vv=VM code)
j  gnu.io.RXTXPort.readArray([BII)I+0
j  gnu.io.RXTXPort$SerialInputStream.read([BII)I+187
j  gnu.io.RXTXPort$SerialInputStream.read([B)I+38
j  Serial_Interface.SerialRead.run()V+50
j  java.lang.Thread.run()V+11 java.base@17.0.2
v  ~StubRoutines::call_stub

siginfo: EXCEPTION_ACCESS_VIOLATION (0xc0000005), writing address 0x00000075104fec08


Register to memory mapping:

RIP=0x000000006af44cd3 rxtxSerial.dll
RAX=0x00000075104fec00 is an unknown value
RBX=0x0000000000000012 is an unknown value
RCX=0xdcf9da4700990000 is an unknown value
RDX=0x0 is NULL
RSP=0x00000075116feca0 is pointing into the stack for thread: 0x000001a9e1f069b0
RBP=0x000001a9e1e28ee0 points into unknown readable memory: 0x0000000000000000 | 00 00 00 00 00 00 00 00
RSI=0x0000000000000001 is an unknown value
RDI=0x0 is NULL
R8 =0x0 is NULL
R9 =0x00000075116fec48 is pointing into the stack for thread: 0x000001a9e1f069b0
R10=0x0000000000000011 is an unknown value
R11=0x0000000000000200 is an unknown value
R12=0x00000000ffffffff is an unknown value
R13=0x0000000000000001 is an unknown value
R14=0x0000000000000001 is an unknown value
R15=0x000001a9e1f069b0 is a thread


Registers:
RAX=0x00000075104fec00, RBX=0x0000000000000012, RCX=0xdcf9da4700990000, RDX=0x0000000000000000
RSP=0x00000075116feca0, RBP=0x000001a9e1e28ee0, RSI=0x0000000000000001, RDI=0x0000000000000000
R8 =0x0000000000000000, R9 =0x00000075116fec48, R10=0x0000000000000011, R11=0x0000000000000200
R12=0x00000000ffffffff, R13=0x0000000000000001, R14=0x0000000000000001, R15=0x000001a9e1f069b0
RIP=0x000000006af44cd3, EFLAGS=0x0000000000010297

Top of Stack: (sp=0x00000075116feca0)
0x00000075116feca0:   0000000000000000 000001a9e1e28ee0
0x00000075116fecb0:   0000007500000000 0000000000000000
0x00000075116fecc0:   00000075104fec00 000000006af43e76
0x00000075116fecd0:   0000000000000000 0000000000000000
0x00000075116fece0:   000001a9e1e28ee0 0000000000000001
0x00000075116fecf0:   ffffffffffffffff 000001a9e1f06c58
0x00000075116fed00:   00000075116fee48 0000000000000001
0x00000075116fed10:   000001a9e1f069b0 000000006af459cd
0x00000075116fed20:   000001a9e1f06c58 00000075116fed98
0x00000075116fed30:   0000000000000001 000001a9e1f069b0
0x00000075116fed40:   0000000800000001 00000000ffffffff
0x00000075116fed50:   000001a9e2f088b0 000000074c675058
0x00000075116fed60:   000001a9c619a322 00000075116fee18
0x00000075116fed70:   0000000000000000 000001a9e2f088a8
0x00000075116fed80:   00000075116fee50 000001a9c61a1366
0x00000075116fed90:   00000075116fedac 00000075116fee50 

Instructions: (pc=0x000000006af44cd3)
0x000000006af44bd3:   85 ed 7e 49 44 89 ee bb 14 00 00 00 45 31 e4 eb
0x000000006af44be3:   13 0f 1f 40 00 41 01 c4 29 c6 45 39 e5 7e 31 83
0x000000006af44bf3:   eb 01 74 2c 49 63 d4 41 89 f0 89 f9 48 01 ea e8
0x000000006af44c03:   39 37 00 00 85 c0 0f 88 a1 00 00 00 75 d7 b9 e8
0x000000006af44c13:   03 00 00 e8 45 1e 00 00 eb d0 0f 1f 00 45 31 e4
0x000000006af44c23:   48 8b 44 24 20 8b 7c 24 2c 89 78 08 44 89 e0 48
0x000000006af44c33:   83 c4 38 5b 5e 5f 5d 41 5c 41 5d 41 5e 41 5f c3
0x000000006af44c43:   0f 1f 44 00 00 4c 8b 3d 1d f7 00 00 41 ff d7 41
0x000000006af44c53:   89 c6 45 85 ed 7e c6 44 89 ee bb 14 00 00 00 45
0x000000006af44c63:   31 e4 eb 18 66 0f 1f 84 00 00 00 00 00 41 01 c4
0x000000006af44c73:   29 c6 45 39 ec 7d a9 83 eb 01 74 a4 41 ff d7 44
0x000000006af44c83:   29 f0 3b 84 24 a8 00 00 00 7d 6a 49 63 d4 41 89
0x000000006af44c93:   f0 89 f9 48 01 ea e8 a2 36 00 00 85 c0 78 0e 75
0x000000006af44ca3:   cc b9 e8 03 00 00 e8 b2 1d 00 00 eb c5 e8 33 76
0x000000006af44cb3:   00 00 83 38 04 74 21 e8 29 76 00 00 83 38 0b 74
0x000000006af44cc3:   17 48 8b 44 24 20 8b 7c 24 2c 41 bc ff ff ff ff
0x000000006af44cd3:   89 78 08 e9 54 ff ff ff 48 8b 44 24 20 8b 5c 24
0x000000006af44ce3:   2c 41 bc ff ff ff ff 89 58 08 e9 3d ff ff ff 66
0x000000006af44cf3:   0f 1f 44 00 00 48 8b 84 24 88 00 00 00 48 8b 8c
0x000000006af44d03:   24 80 00 00 00 4c 8d 0d c5 93 00 00 4c 8d 05 c0
0x000000006af44d13:   93 00 00 48 8b 10 e8 e2 f0 ff ff 48 85 c0 0f 84
0x000000006af44d23:   08 ff ff ff 48 8b 44 24 20 8b 5c 24 2c 89 58 08
0x000000006af44d33:   e9 f7 fe ff ff 0f 1f 84 00 00 00 00 00 41 54 56
0x000000006af44d43:   53 48 83 ec 30 83 79 30 01 48 89 cb 0f 84 85 01
0x000000006af44d53:   00 00 48 8b 81 a8 00 00 00 48 8d b1 ec 02 00 00
0x000000006af44d63:   4c 8b a1 a0 00 00 00 4c 8b 10 48 8b 05 ac d2 00
0x000000006af44d73:   00 48 c7 81 f4 02 00 00 00 00 00 00 48 c7 81 ec
0x000000006af44d83:   02 00 00 00 00 00 00 48 c7 46 10 00 00 00 00 48
0x000000006af44d93:   c7 46 18 00 00 00 00 48 c7 46 20 00 00 00 00 48
0x000000006af44da3:   c7 46 28 00 00 00 00 48 c7 46 30 00 00 00 00 48
0x000000006af44db3:   c7 46 38 00 00 00 00 48 c7 46 40 00 00 00 00 48
0x000000006af44dc3:   c7 46 48 00 00 00 00 48 85 c0 0f 84 1d 02 00 00 


Stack slot to memory mapping:
stack at sp + 0 slots: 0x0 is NULL
stack at sp + 1 slots: 0x000001a9e1e28ee0 points into unknown readable memory: 0x0000000000000000 | 00 00 00 00 00 00 00 00
stack at sp + 2 slots: 0x0000007500000000 is an unknown value
stack at sp + 3 slots: 0x0 is NULL
stack at sp + 4 slots: 0x00000075104fec00 is an unknown value
stack at sp + 5 slots: 0x000000006af43e76 rxtxSerial.dll
stack at sp + 6 slots: 0x0 is NULL
stack at sp + 7 slots: 0x0 is NULL


---------------  P R O C E S S  ---------------

Threads class SMR info:
_java_thread_list=0x000001a9e23390b0, length=22, elements={
0x000001a9df7ba000, 0x000001a9df7ba990, 0x000001a9df7d5860, 0x000001a9df7d6f40,
0x000001a9df7dd430, 0x000001a9df7e4e10, 0x000001a9df7ed6d0, 0x000001a9df800fe0,
0x000001a9df8014f0, 0x000001a9e04d2630, 0x000001a9e0581100, 0x000001a9e063c6d0,
0x000001a9e0640750, 0x000001a9e06b6a60, 0x000001a9e0a898c0, 0x000001a9e09e6770,
0x000001a9e09d2570, 0x000001a9e09e3e40, 0x000001a9bd15c8a0, 0x000001a9e1e2d2d0,
0x000001a9e1f069b0, 0x000001a9e1f11760
}

Java Threads: ( => current thread )
  0x000001a9df7ba000 JavaThread "Reference Handler" daemon [_thread_blocked, id=22332, stack(0x000000750f700000,0x000000750f800000)]
  0x000001a9df7ba990 JavaThread "Finalizer" daemon [_thread_blocked, id=13404, stack(0x000000750f800000,0x000000750f900000)]
  0x000001a9df7d5860 JavaThread "Signal Dispatcher" daemon [_thread_blocked, id=22236, stack(0x000000750f900000,0x000000750fa00000)]
  0x000001a9df7d6f40 JavaThread "Attach Listener" daemon [_thread_blocked, id=20732, stack(0x000000750fa00000,0x000000750fb00000)]
  0x000001a9df7dd430 JavaThread "Service Thread" daemon [_thread_blocked, id=21672, stack(0x000000750fb00000,0x000000750fc00000)]
  0x000001a9df7e4e10 JavaThread "Monitor Deflation Thread" daemon [_thread_blocked, id=6572, stack(0x000000750fc00000,0x000000750fd00000)]
  0x000001a9df7ed6d0 JavaThread "C2 CompilerThread0" daemon [_thread_blocked, id=14476, stack(0x000000750fd00000,0x000000750fe00000)]
  0x000001a9df800fe0 JavaThread "C1 CompilerThread0" daemon [_thread_blocked, id=20524, stack(0x000000750fe00000,0x000000750ff00000)]
  0x000001a9df8014f0 JavaThread "Sweeper thread" daemon [_thread_blocked, id=3896, stack(0x000000750ff00000,0x0000007510000000)]
  0x000001a9e04d2630 JavaThread "Common-Cleaner" daemon [_thread_blocked, id=17140, stack(0x0000007510000000,0x0000007510100000)]
  0x000001a9e0581100 JavaThread "JDWP Transport Listener: dt_socket" daemon [_thread_blocked, id=22444, stack(0x0000007510100000,0x0000007510200000)]
  0x000001a9e063c6d0 JavaThread "JDWP Event Helper Thread" daemon [_thread_blocked, id=6136, stack(0x0000007510200000,0x0000007510300000)]
  0x000001a9e0640750 JavaThread "JDWP Command Reader" daemon [_thread_in_native, id=18316, stack(0x0000007510300000,0x0000007510400000)]
  0x000001a9e06b6a60 JavaThread "Notification Thread" daemon [_thread_blocked, id=22116, stack(0x0000007510500000,0x0000007510600000)]
  0x000001a9e0a898c0 JavaThread "Java2D Disposer" daemon [_thread_blocked, id=8508, stack(0x0000007510700000,0x0000007510800000)]
  0x000001a9e09e6770 JavaThread "AWT-Shutdown" [_thread_blocked, id=2488, stack(0x0000007510800000,0x0000007510900000)]
  0x000001a9e09d2570 JavaThread "AWT-Windows" daemon [_thread_in_native, id=17916, stack(0x0000007510900000,0x0000007510a00000)]
  0x000001a9e09e3e40 JavaThread "AWT-EventQueue-0" [_thread_blocked, id=3308, stack(0x0000007510a00000,0x0000007510b00000)]
  0x000001a9bd15c8a0 JavaThread "DestroyJavaVM" [_thread_blocked, id=18104, stack(0x000000750f000000,0x000000750f100000)]
  0x000001a9e1e2d2d0 JavaThread "TimerQueue" daemon [_thread_blocked, id=2340, stack(0x0000007511500000,0x0000007511600000)]
=>0x000001a9e1f069b0 JavaThread "Thread-2" [_thread_in_native, id=13004, stack(0x0000007511600000,0x0000007511700000)]
  0x000001a9e1f11760 JavaThread "Thread-3" [_thread_blocked, id=15932, stack(0x0000007511700000,0x0000007511800000)]

Other Threads:
  0x000001a9df7b54e0 VMThread "VM Thread" [stack: 0x000000750f600000,0x000000750f700000] [id=10860]
  0x000001a9bd1ffaa0 WatcherThread [stack: 0x0000007510600000,0x0000007510700000] [id=17968]
  0x000001a9bd1a09d0 GCTaskThread "GC Thread#0" [stack: 0x000000750f100000,0x000000750f200000] [id=4928]
  0x000001a9e0e0a0e0 GCTaskThread "GC Thread#1" [stack: 0x0000007510b00000,0x0000007510c00000] [id=17668]
  0x000001a9e0b2ca00 GCTaskThread "GC Thread#2" [stack: 0x0000007510c00000,0x0000007510d00000] [id=14892]
  0x000001a9e0cef7d0 GCTaskThread "GC Thread#3" [stack: 0x0000007510d00000,0x0000007510e00000] [id=18596]
  0x000001a9e0be57b0 GCTaskThread "GC Thread#4" [stack: 0x0000007510e00000,0x0000007510f00000] [id=17964]
  0x000001a9e0e407b0 GCTaskThread "GC Thread#5" [stack: 0x0000007510f00000,0x0000007511000000] [id=8032]
  0x000001a9e0e69900 GCTaskThread "GC Thread#6" [stack: 0x0000007511000000,0x0000007511100000] [id=13352]
  0x000001a9e0f97a70 GCTaskThread "GC Thread#7" [stack: 0x0000007511100000,0x0000007511200000] [id=14816]
  0x000001a9bd1ada40 ConcurrentGCThread "G1 Main Marker" [stack: 0x000000750f200000,0x000000750f300000] [id=5372]
  0x000001a9bd1aeb00 ConcurrentGCThread "G1 Conc#0" [stack: 0x000000750f300000,0x000000750f400000] [id=12316]
  0x000001a9df6834d0 ConcurrentGCThread "G1 Refine#0" [stack: 0x000000750f400000,0x000000750f500000] [id=14704]
  0x000001a9df683a10 ConcurrentGCThread "G1 Service" [stack: 0x000000750f500000,0x000000750f600000] [id=11404]

Threads with active compile tasks:

VM state: not at safepoint (normal execution)

VM Mutex/Monitor currently owned by a thread: None

Heap address: 0x0000000741e00000, size: 3042 MB, Compressed Oops mode: Zero based, Oop shift amount: 3

CDS archive(s) mapped at: [0x0000000800000000-0x0000000800bc0000-0x0000000800bc0000), size 12320768, SharedBaseAddress: 0x0000000800000000, ArchiveRelocationMode: 0.
Compressed class space mapped at: 0x0000000800c00000-0x0000000840c00000, reserved size: 1073741824
Narrow klass base: 0x0000000800000000, Narrow klass shift: 0, Narrow klass range: 0x100000000

GC Precious Log:
 CPUs: 8 total, 8 available
 Memory: 12166M
 Large Page Support: Disabled
 NUMA Support: Disabled
 Compressed Oops: Enabled (Zero based)
 Heap Region Size: 2M
 Heap Min Capacity: 8M
 Heap Initial Capacity: 192M
 Heap Max Capacity: 3042M
 Pre-touch: Disabled
 Parallel Workers: 8
 Concurrent Workers: 2
 Concurrent Refinement Workers: 8
 Periodic GC: Disabled

Heap:
 garbage-first heap   total 196608K, used 29380K [0x0000000741e00000, 0x0000000800000000)
  region size 2048K, 14 young (28672K), 2 survivors (4096K)
 Metaspace       used 15431K, committed 15552K, reserved 1064960K
  class space    used 1626K, committed 1664K, reserved 1048576K

Heap Regions: E=young(eden), S=young(survivor), O=old, HS=humongous(starts), HC=humongous(continues), CS=collection set, F=free, OA=open archive, CA=closed archive, TAMS=top-at-mark-start (previous, next)
|   0|0x0000000741e00000, 0x0000000742000000, 0x0000000742000000|100%|HS|  |TAMS 0x0000000741e00000, 0x0000000741e00000| Complete 
|   1|0x0000000742000000, 0x0000000742200000, 0x0000000742200000|100%|HC|  |TAMS 0x0000000742000000, 0x0000000742000000| Complete 
|   2|0x0000000742200000, 0x0000000742400000, 0x0000000742400000|100%|HS|  |TAMS 0x0000000742200000, 0x0000000742200000| Complete 
|   3|0x0000000742400000, 0x0000000742400000, 0x0000000742600000|  0%| F|  |TAMS 0x0000000742400000, 0x0000000742400000| Untracked 
|   4|0x0000000742600000, 0x0000000742600000, 0x0000000742800000|  0%| F|  |TAMS 0x0000000742600000, 0x0000000742600000| Untracked 
|   5|0x0000000742800000, 0x0000000742800000, 0x0000000742a00000|  0%| F|  |TAMS 0x0000000742800000, 0x0000000742800000| Untracked 
|   6|0x0000000742a00000, 0x0000000742a00000, 0x0000000742c00000|  0%| F|  |TAMS 0x0000000742a00000, 0x0000000742a00000| Untracked 
|   7|0x0000000742c00000, 0x0000000742c00000, 0x0000000742e00000|  0%| F|  |TAMS 0x0000000742c00000, 0x0000000742c00000| Untracked 
|   8|0x0000000742e00000, 0x0000000742e00000, 0x0000000743000000|  0%| F|  |TAMS 0x0000000742e00000, 0x0000000742e00000| Untracked 
|   9|0x0000000743000000, 0x0000000743000000, 0x0000000743200000|  0%| F|  |TAMS 0x0000000743000000, 0x0000000743000000| Untracked 
|  10|0x0000000743200000, 0x0000000743200000, 0x0000000743400000|  0%| F|  |TAMS 0x0000000743200000, 0x0000000743200000| Untracked 
|  11|0x0000000743400000, 0x0000000743400000, 0x0000000743600000|  0%| F|  |TAMS 0x0000000743400000, 0x0000000743400000| Untracked 
|  12|0x0000000743600000, 0x0000000743600000, 0x0000000743800000|  0%| F|  |TAMS 0x0000000743600000, 0x0000000743600000| Untracked 
|  13|0x0000000743800000, 0x0000000743800000, 0x0000000743a00000|  0%| F|  |TAMS 0x0000000743800000, 0x0000000743800000| Untracked 
|  14|0x0000000743a00000, 0x0000000743a00000, 0x0000000743c00000|  0%| F|  |TAMS 0x0000000743a00000, 0x0000000743a00000| Untracked 
|  15|0x0000000743c00000, 0x0000000743c00000, 0x0000000743e00000|  0%| F|  |TAMS 0x0000000743c00000, 0x0000000743c00000| Untracked 
|  16|0x0000000743e00000, 0x0000000743e00000, 0x0000000744000000|  0%| F|  |TAMS 0x0000000743e00000, 0x0000000743e00000| Untracked 
|  17|0x0000000744000000, 0x0000000744000000, 0x0000000744200000|  0%| F|  |TAMS 0x0000000744000000, 0x0000000744000000| Untracked 
|  18|0x0000000744200000, 0x0000000744200000, 0x0000000744400000|  0%| F|  |TAMS 0x0000000744200000, 0x0000000744200000| Untracked 
|  19|0x0000000744400000, 0x0000000744400000, 0x0000000744600000|  0%| F|  |TAMS 0x0000000744400000, 0x0000000744400000| Untracked 
|  20|0x0000000744600000, 0x0000000744600000, 0x0000000744800000|  0%| F|  |TAMS 0x0000000744600000, 0x0000000744600000| Untracked 
|  21|0x0000000744800000, 0x0000000744800000, 0x0000000744a00000|  0%| F|  |TAMS 0x0000000744800000, 0x0000000744800000| Untracked 
|  22|0x0000000744a00000, 0x0000000744a00000, 0x0000000744c00000|  0%| F|  |TAMS 0x0000000744a00000, 0x0000000744a00000| Untracked 
|  23|0x0000000744c00000, 0x0000000744c00000, 0x0000000744e00000|  0%| F|  |TAMS 0x0000000744c00000, 0x0000000744c00000| Untracked 
|  24|0x0000000744e00000, 0x0000000744e00000, 0x0000000745000000|  0%| F|  |TAMS 0x0000000744e00000, 0x0000000744e00000| Untracked 
|  25|0x0000000745000000, 0x0000000745000000, 0x0000000745200000|  0%| F|  |TAMS 0x0000000745000000, 0x0000000745000000| Untracked 
|  26|0x0000000745200000, 0x0000000745200000, 0x0000000745400000|  0%| F|  |TAMS 0x0000000745200000, 0x0000000745200000| Untracked 
|  27|0x0000000745400000, 0x0000000745400000, 0x0000000745600000|  0%| F|  |TAMS 0x0000000745400000, 0x0000000745400000| Untracked 
|  28|0x0000000745600000, 0x0000000745600000, 0x0000000745800000|  0%| F|  |TAMS 0x0000000745600000, 0x0000000745600000| Untracked 
|  29|0x0000000745800000, 0x0000000745800000, 0x0000000745a00000|  0%| F|  |TAMS 0x0000000745800000, 0x0000000745800000| Untracked 
|  30|0x0000000745a00000, 0x0000000745a00000, 0x0000000745c00000|  0%| F|  |TAMS 0x0000000745a00000, 0x0000000745a00000| Untracked 
|  31|0x0000000745c00000, 0x0000000745c00000, 0x0000000745e00000|  0%| F|  |TAMS 0x0000000745c00000, 0x0000000745c00000| Untracked 
|  32|0x0000000745e00000, 0x0000000745e00000, 0x0000000746000000|  0%| F|  |TAMS 0x0000000745e00000, 0x0000000745e00000| Untracked 
|  33|0x0000000746000000, 0x0000000746000000, 0x0000000746200000|  0%| F|  |TAMS 0x0000000746000000, 0x0000000746000000| Untracked 
|  34|0x0000000746200000, 0x0000000746200000, 0x0000000746400000|  0%| F|  |TAMS 0x0000000746200000, 0x0000000746200000| Untracked 
|  35|0x0000000746400000, 0x0000000746400000, 0x0000000746600000|  0%| F|  |TAMS 0x0000000746400000, 0x0000000746400000| Untracked 
|  36|0x0000000746600000, 0x0000000746600000, 0x0000000746800000|  0%| F|  |TAMS 0x0000000746600000, 0x0000000746600000| Untracked 
|  37|0x0000000746800000, 0x0000000746800000, 0x0000000746a00000|  0%| F|  |TAMS 0x0000000746800000, 0x0000000746800000| Untracked 
|  38|0x0000000746a00000, 0x0000000746a00000, 0x0000000746c00000|  0%| F|  |TAMS 0x0000000746a00000, 0x0000000746a00000| Untracked 
|  39|0x0000000746c00000, 0x0000000746c00000, 0x0000000746e00000|  0%| F|  |TAMS 0x0000000746c00000, 0x0000000746c00000| Untracked 
|  40|0x0000000746e00000, 0x0000000746e00000, 0x0000000747000000|  0%| F|  |TAMS 0x0000000746e00000, 0x0000000746e00000| Untracked 
|  41|0x0000000747000000, 0x0000000747000000, 0x0000000747200000|  0%| F|  |TAMS 0x0000000747000000, 0x0000000747000000| Untracked 
|  42|0x0000000747200000, 0x0000000747200000, 0x0000000747400000|  0%| F|  |TAMS 0x0000000747200000, 0x0000000747200000| Untracked 
|  43|0x0000000747400000, 0x0000000747400000, 0x0000000747600000|  0%| F|  |TAMS 0x0000000747400000, 0x0000000747400000| Untracked 
|  44|0x0000000747600000, 0x0000000747600000, 0x0000000747800000|  0%| F|  |TAMS 0x0000000747600000, 0x0000000747600000| Untracked 
|  45|0x0000000747800000, 0x0000000747800000, 0x0000000747a00000|  0%| F|  |TAMS 0x0000000747800000, 0x0000000747800000| Untracked 
|  46|0x0000000747a00000, 0x0000000747a00000, 0x0000000747c00000|  0%| F|  |TAMS 0x0000000747a00000, 0x0000000747a00000| Untracked 
|  47|0x0000000747c00000, 0x0000000747c00000, 0x0000000747e00000|  0%| F|  |TAMS 0x0000000747c00000, 0x0000000747c00000| Untracked 
|  48|0x0000000747e00000, 0x0000000747e00000, 0x0000000748000000|  0%| F|  |TAMS 0x0000000747e00000, 0x0000000747e00000| Untracked 
|  49|0x0000000748000000, 0x0000000748000000, 0x0000000748200000|  0%| F|  |TAMS 0x0000000748000000, 0x0000000748000000| Untracked 
|  50|0x0000000748200000, 0x0000000748200000, 0x0000000748400000|  0%| F|  |TAMS 0x0000000748200000, 0x0000000748200000| Untracked 
|  51|0x0000000748400000, 0x0000000748400000, 0x0000000748600000|  0%| F|  |TAMS 0x0000000748400000, 0x0000000748400000| Untracked 
|  52|0x0000000748600000, 0x0000000748600000, 0x0000000748800000|  0%| F|  |TAMS 0x0000000748600000, 0x0000000748600000| Untracked 
|  53|0x0000000748800000, 0x0000000748800000, 0x0000000748a00000|  0%| F|  |TAMS 0x0000000748800000, 0x0000000748800000| Untracked 
|  54|0x0000000748a00000, 0x0000000748a00000, 0x0000000748c00000|  0%| F|  |TAMS 0x0000000748a00000, 0x0000000748a00000| Untracked 
|  55|0x0000000748c00000, 0x0000000748c00000, 0x0000000748e00000|  0%| F|  |TAMS 0x0000000748c00000, 0x0000000748c00000| Untracked 
|  56|0x0000000748e00000, 0x0000000748e00000, 0x0000000749000000|  0%| F|  |TAMS 0x0000000748e00000, 0x0000000748e00000| Untracked 
|  57|0x0000000749000000, 0x0000000749000000, 0x0000000749200000|  0%| F|  |TAMS 0x0000000749000000, 0x0000000749000000| Untracked 
|  58|0x0000000749200000, 0x0000000749200000, 0x0000000749400000|  0%| F|  |TAMS 0x0000000749200000, 0x0000000749200000| Untracked 
|  59|0x0000000749400000, 0x0000000749400000, 0x0000000749600000|  0%| F|  |TAMS 0x0000000749400000, 0x0000000749400000| Untracked 
|  60|0x0000000749600000, 0x0000000749600000, 0x0000000749800000|  0%| F|  |TAMS 0x0000000749600000, 0x0000000749600000| Untracked 
|  61|0x0000000749800000, 0x0000000749800000, 0x0000000749a00000|  0%| F|  |TAMS 0x0000000749800000, 0x0000000749800000| Untracked 
|  62|0x0000000749a00000, 0x0000000749a00000, 0x0000000749c00000|  0%| F|  |TAMS 0x0000000749a00000, 0x0000000749a00000| Untracked 
|  63|0x0000000749c00000, 0x0000000749c00000, 0x0000000749e00000|  0%| F|  |TAMS 0x0000000749c00000, 0x0000000749c00000| Untracked 
|  64|0x0000000749e00000, 0x0000000749e00000, 0x000000074a000000|  0%| F|  |TAMS 0x0000000749e00000, 0x0000000749e00000| Untracked 
|  65|0x000000074a000000, 0x000000074a000000, 0x000000074a200000|  0%| F|  |TAMS 0x000000074a000000, 0x000000074a000000| Untracked 
|  66|0x000000074a200000, 0x000000074a200000, 0x000000074a400000|  0%| F|  |TAMS 0x000000074a200000, 0x000000074a200000| Untracked 
|  67|0x000000074a400000, 0x000000074a400000, 0x000000074a600000|  0%| F|  |TAMS 0x000000074a400000, 0x000000074a400000| Untracked 
|  68|0x000000074a600000, 0x000000074a600000, 0x000000074a800000|  0%| F|  |TAMS 0x000000074a600000, 0x000000074a600000| Untracked 
|  69|0x000000074a800000, 0x000000074a800000, 0x000000074aa00000|  0%| F|  |TAMS 0x000000074a800000, 0x000000074a800000| Untracked 
|  70|0x000000074aa00000, 0x000000074aa00000, 0x000000074ac00000|  0%| F|  |TAMS 0x000000074aa00000, 0x000000074aa00000| Untracked 
|  71|0x000000074ac00000, 0x000000074ac00000, 0x000000074ae00000|  0%| F|  |TAMS 0x000000074ac00000, 0x000000074ac00000| Untracked 
|  72|0x000000074ae00000, 0x000000074ae00000, 0x000000074b000000|  0%| F|  |TAMS 0x000000074ae00000, 0x000000074ae00000| Untracked 
|  73|0x000000074b000000, 0x000000074b000000, 0x000000074b200000|  0%| F|  |TAMS 0x000000074b000000, 0x000000074b000000| Untracked 
|  74|0x000000074b200000, 0x000000074b200000, 0x000000074b400000|  0%| F|  |TAMS 0x000000074b200000, 0x000000074b200000| Untracked 
|  75|0x000000074b400000, 0x000000074b400000, 0x000000074b600000|  0%| F|  |TAMS 0x000000074b400000, 0x000000074b400000| Untracked 
|  76|0x000000074b600000, 0x000000074b600000, 0x000000074b800000|  0%| F|  |TAMS 0x000000074b600000, 0x000000074b600000| Untracked 
|  77|0x000000074b800000, 0x000000074b800000, 0x000000074ba00000|  0%| F|  |TAMS 0x000000074b800000, 0x000000074b800000| Untracked 
|  78|0x000000074ba00000, 0x000000074ba00000, 0x000000074bc00000|  0%| F|  |TAMS 0x000000074ba00000, 0x000000074ba00000| Untracked 
|  79|0x000000074bc00000, 0x000000074bc00000, 0x000000074be00000|  0%| F|  |TAMS 0x000000074bc00000, 0x000000074bc00000| Untracked 
|  80|0x000000074be00000, 0x000000074be00000, 0x000000074c000000|  0%| F|  |TAMS 0x000000074be00000, 0x000000074be00000| Untracked 
|  81|0x000000074c000000, 0x000000074c000000, 0x000000074c200000|  0%| F|  |TAMS 0x000000074c000000, 0x000000074c000000| Untracked 
|  82|0x000000074c200000, 0x000000074c400000, 0x000000074c400000|100%| E|  |TAMS 0x000000074c200000, 0x000000074c200000| Complete 
|  83|0x000000074c400000, 0x000000074c4b1238, 0x000000074c600000| 34%| S|CS|TAMS 0x000000074c400000, 0x000000074c400000| Complete 
|  84|0x000000074c600000, 0x000000074c800000, 0x000000074c800000|100%| S|CS|TAMS 0x000000074c600000, 0x000000074c600000| Complete 
|  85|0x000000074c800000, 0x000000074ca00000, 0x000000074ca00000|100%| E|CS|TAMS 0x000000074c800000, 0x000000074c800000| Complete 
|  86|0x000000074ca00000, 0x000000074cc00000, 0x000000074cc00000|100%| E|CS|TAMS 0x000000074ca00000, 0x000000074ca00000| Complete 
|  87|0x000000074cc00000, 0x000000074ce00000, 0x000000074ce00000|100%| E|CS|TAMS 0x000000074cc00000, 0x000000074cc00000| Complete 
|  88|0x000000074ce00000, 0x000000074d000000, 0x000000074d000000|100%| E|CS|TAMS 0x000000074ce00000, 0x000000074ce00000| Complete 
|  89|0x000000074d000000, 0x000000074d200000, 0x000000074d200000|100%| E|CS|TAMS 0x000000074d000000, 0x000000074d000000| Complete 
|  90|0x000000074d200000, 0x000000074d400000, 0x000000074d400000|100%| E|  |TAMS 0x000000074d200000, 0x000000074d200000| Complete 
|  91|0x000000074d400000, 0x000000074d600000, 0x000000074d600000|100%| E|CS|TAMS 0x000000074d400000, 0x000000074d400000| Complete 
|  92|0x000000074d600000, 0x000000074d800000, 0x000000074d800000|100%| E|CS|TAMS 0x000000074d600000, 0x000000074d600000| Complete 
|  93|0x000000074d800000, 0x000000074da00000, 0x000000074da00000|100%| E|CS|TAMS 0x000000074d800000, 0x000000074d800000| Complete 
|  94|0x000000074da00000, 0x000000074dc00000, 0x000000074dc00000|100%| E|CS|TAMS 0x000000074da00000, 0x000000074da00000| Complete 
|  95|0x000000074dc00000, 0x000000074de00000, 0x000000074de00000|100%| E|CS|TAMS 0x000000074dc00000, 0x000000074dc00000| Complete 

Card table byte_map: [0x000001a9d6210000,0x000001a9d6810000] _byte_map_base: 0x000001a9d2801000

Marking Bits (Prev, Next): (CMBitMap*) 0x000001a9bd1a0ef0, (CMBitMap*) 0x000001a9bd1a0f30
 Prev Bits: [0x000001a9d6e10000, 0x000001a9d9d98000)
 Next Bits: [0x000001a9d9da0000, 0x000001a9dcd28000)

Polling page: 0x000001a9c6170000

Metaspace:

Usage:
  Non-class:     13.48 MB used.
      Class:      1.59 MB used.
       Both:     15.07 MB used.

Virtual space:
  Non-class space:       16.00 MB reserved,      13.56 MB ( 85%) committed,  2 nodes.
      Class space:        1.00 GB reserved,       1.62 MB ( <1%) committed,  1 nodes.
             Both:        1.02 GB reserved,      15.19 MB (  1%) committed. 

Chunk freelists:
   Non-Class:  2.09 MB
       Class:  2.19 MB
        Both:  4.29 MB

MaxMetaspaceSize: unlimited
CompressedClassSpaceSize: 1.00 GB
Initial GC threshold: 21.00 MB
Current GC threshold: 21.00 MB
CDS: on
MetaspaceReclaimPolicy: balanced
 - commit_granule_bytes: 65536.
 - commit_granule_words: 8192.
 - virtual_space_node_default_size: 1048576.
 - enlarge_chunks_in_place: 1.
 - new_chunks_are_fully_committed: 0.
 - uncommit_free_chunks: 1.
 - use_allocation_guard: 0.
 - handle_deallocations: 1.


Internal statistics:

num_allocs_failed_limit: 0.
num_arena_births: 118.
num_arena_deaths: 0.
num_vsnodes_births: 3.
num_vsnodes_deaths: 0.
num_space_committed: 243.
num_space_uncommitted: 0.
num_chunks_returned_to_freelist: 0.
num_chunks_taken_from_freelist: 274.
num_chunk_merges: 0.
num_chunk_splits: 179.
num_chunks_enlarged: 125.
num_purges: 0.
num_inconsistent_stats: 0.

CodeHeap 'non-profiled nmethods': size=120000Kb used=1033Kb max_used=1033Kb free=118966Kb
 bounds [0x000001a9cdc60000, 0x000001a9cded0000, 0x000001a9d5190000]
CodeHeap 'profiled nmethods': size=120000Kb used=4312Kb max_used=4312Kb free=115687Kb
 bounds [0x000001a9c6730000, 0x000001a9c6b70000, 0x000001a9cdc60000]
CodeHeap 'non-nmethods': size=5760Kb used=1427Kb max_used=1479Kb free=4332Kb
 bounds [0x000001a9c6190000, 0x000001a9c6400000, 0x000001a9c6730000]
 total_blobs=3016 nmethods=2312 adapters=616
 compilation: enabled
              stopped_count=0, restarted_count=0
 full_count=0

Compilation events (20 events):
Event: 5.404 Thread 0x000001a9df800fe0 2304       3       sun.nio.cs.StreamEncoder::implWrite (15 bytes)
Event: 5.404 Thread 0x000001a9df800fe0 nmethod 2304 0x000001a9c6b62510 code [0x000001a9c6b626c0, 0x000001a9c6b62858]
Event: 5.404 Thread 0x000001a9df800fe0 2305       3       sun.nio.cs.StreamEncoder::implWrite (137 bytes)
Event: 5.405 Thread 0x000001a9df800fe0 nmethod 2305 0x000001a9c6b62910 code [0x000001a9c6b62b40, 0x000001a9c6b633a8]
Event: 7.152 Thread 0x000001a9df800fe0 2306       3       java.awt.event.ComponentEvent::<init> (7 bytes)
Event: 7.152 Thread 0x000001a9df800fe0 nmethod 2306 0x000001a9c6b63610 code [0x000001a9c6b637a0, 0x000001a9c6b63908]
Event: 7.278 Thread 0x000001a9df800fe0 2307       3       java.lang.System$2::encodeASCII (11 bytes)
Event: 7.279 Thread 0x000001a9df800fe0 nmethod 2307 0x000001a9c6b63990 code [0x000001a9c6b63b20, 0x000001a9c6b63c88]
Event: 7.384 Thread 0x000001a9df800fe0 2308       3       sun.awt.AWTAccessor::getEventQueueAccessor (15 bytes)
Event: 7.385 Thread 0x000001a9df800fe0 nmethod 2308 0x000001a9c6b63d90 code [0x000001a9c6b63f80, 0x000001a9c6b64348]
Event: 8.234 Thread 0x000001a9df800fe0 2309       1       java.awt.Component::isCoalescingEnabled (5 bytes)
Event: 8.234 Thread 0x000001a9df800fe0 nmethod 2309 0x000001a9cdd62390 code [0x000001a9cdd62520, 0x000001a9cdd625f8]
Event: 8.236 Thread 0x000001a9df800fe0 2310       3       sun.java2d.SurfaceData::canRenderParallelograms (137 bytes)
Event: 8.237 Thread 0x000001a9df800fe0 nmethod 2310 0x000001a9c6b64510 code [0x000001a9c6b64720, 0x000001a9c6b64f58]
Event: 8.238 Thread 0x000001a9df800fe0 2311       3       java.awt.Container::getComponentCount (5 bytes)
Event: 8.238 Thread 0x000001a9df800fe0 nmethod 2311 0x000001a9c6b65110 code [0x000001a9c6b652c0, 0x000001a9c6b65588]
Event: 8.238 Thread 0x000001a9df800fe0 2312       3       java.awt.Rectangle::getBounds (24 bytes)
Event: 8.238 Thread 0x000001a9df800fe0 nmethod 2312 0x000001a9c6b65690 code [0x000001a9c6b65840, 0x000001a9c6b65b58]
Event: 8.239 Thread 0x000001a9df800fe0 2313       3       sun.awt.SunToolkit::getSystemEventQueueImplPP (13 bytes)
Event: 8.239 Thread 0x000001a9df800fe0 nmethod 2313 0x000001a9c6b65c90 code [0x000001a9c6b65e40, 0x000001a9c6b66068]

GC Heap History (2 events):
Event: 0.588 GC heap before
{Heap before GC invocations=0 (full 0):
 garbage-first heap   total 196608K, used 20480K [0x0000000741e00000, 0x0000000800000000)
  region size 2048K, 11 young (22528K), 0 survivors (0K)
 Metaspace       used 8007K, committed 8192K, reserved 1056768K
  class space    used 816K, committed 896K, reserved 1048576K
}
Event: 0.592 GC heap after
{Heap after GC invocations=1 (full 0):
 garbage-first heap   total 196608K, used 2756K [0x0000000741e00000, 0x0000000800000000)
  region size 2048K, 2 young (4096K), 2 survivors (4096K)
 Metaspace       used 8007K, committed 8192K, reserved 1056768K
  class space    used 816K, committed 896K, reserved 1048576K
}

Deoptimization events (20 events):
Event: 2.531 Thread 0x000001a9e09e3e40 DEOPT PACKING pc=0x000001a9c6a31d1a sp=0x0000007510afd460
Event: 2.531 Thread 0x000001a9e09e3e40 DEOPT UNPACKING pc=0x000001a9c61e2b43 sp=0x0000007510afc8c8 mode 0
Event: 2.533 Thread 0x000001a9e09e3e40 DEOPT PACKING pc=0x000001a9c6a31d1a sp=0x0000007510afd560
Event: 2.533 Thread 0x000001a9e09e3e40 DEOPT UNPACKING pc=0x000001a9c61e2b43 sp=0x0000007510afc9c8 mode 0
Event: 2.534 Thread 0x000001a9e09e3e40 DEOPT PACKING pc=0x000001a9c6a31d1a sp=0x0000007510afd550
Event: 2.534 Thread 0x000001a9e09e3e40 DEOPT UNPACKING pc=0x000001a9c61e2b43 sp=0x0000007510afc9b8 mode 0
Event: 2.617 Thread 0x000001a9e09e3e40 DEOPT PACKING pc=0x000001a9c6a31deb sp=0x0000007510afd460
Event: 2.617 Thread 0x000001a9e09e3e40 DEOPT UNPACKING pc=0x000001a9c61e2b43 sp=0x0000007510afc8c8 mode 0
Event: 2.617 Thread 0x000001a9e09e3e40 DEOPT PACKING pc=0x000001a9c6a31deb sp=0x0000007510afd460
Event: 2.617 Thread 0x000001a9e09e3e40 DEOPT UNPACKING pc=0x000001a9c61e2b43 sp=0x0000007510afc8c8 mode 0
Event: 2.618 Thread 0x000001a9e09e3e40 DEOPT PACKING pc=0x000001a9c6a31d1a sp=0x0000007510afd460
Event: 2.618 Thread 0x000001a9e09e3e40 DEOPT UNPACKING pc=0x000001a9c61e2b43 sp=0x0000007510afc8c8 mode 0
Event: 2.619 Thread 0x000001a9e09e3e40 DEOPT PACKING pc=0x000001a9c6a31deb sp=0x0000007510afd460
Event: 2.619 Thread 0x000001a9e09e3e40 DEOPT UNPACKING pc=0x000001a9c61e2b43 sp=0x0000007510afc8c8 mode 0
Event: 2.620 Thread 0x000001a9e09e3e40 DEOPT PACKING pc=0x000001a9c6a31d1a sp=0x0000007510afd460
Event: 2.620 Thread 0x000001a9e09e3e40 DEOPT UNPACKING pc=0x000001a9c61e2b43 sp=0x0000007510afc8c8 mode 0
Event: 2.620 Thread 0x000001a9e09e3e40 DEOPT PACKING pc=0x000001a9c6a31deb sp=0x0000007510afd460
Event: 2.620 Thread 0x000001a9e09e3e40 DEOPT UNPACKING pc=0x000001a9c61e2b43 sp=0x0000007510afc8c8 mode 0
Event: 2.620 Thread 0x000001a9e09e3e40 DEOPT PACKING pc=0x000001a9c6a5974a sp=0x0000007510afd370
Event: 2.620 Thread 0x000001a9e09e3e40 DEOPT UNPACKING pc=0x000001a9c61e2b43 sp=0x0000007510afc810 mode 0

Classes unloaded (0 events):
No events

Classes redefined (0 events):
No events

Internal exceptions (20 events):
Event: 0.376 Thread 0x000001a9bd15c8a0 Exception <a 'java/lang/ClassNotFoundException'{0x000000074d768ab0}: sun/awt/resources/spi/awtProvider> (0x000000074d768ab0) 
thrown [t:\workspace\open\src\hotspot\share\classfile\systemDictionary.cpp, line 256]
Event: 0.390 Thread 0x000001a9bd15c8a0 Exception <a 'java/io/FileNotFoundException'{0x000000074d7c31a0}> (0x000000074d7c31a0) 
thrown [t:\workspace\open\src\hotspot\share\prims\jni.cpp, line 516]
Event: 0.396 Thread 0x000001a9bd15c8a0 Exception <a 'java/io/FileNotFoundException'{0x000000074d7f23f8}> (0x000000074d7f23f8) 
thrown [t:\workspace\open\src\hotspot\share\prims\jni.cpp, line 516]
Event: 0.419 Thread 0x000001a9bd15c8a0 Exception <a 'java/lang/NoSuchMethodError'{0x000000074d4eddf8}: 'java.lang.Object java.lang.invoke.DirectMethodHandle$Holder.invokeStaticInit(java.lang.Object)'> (0x000000074d4eddf8) 
thrown [t:\workspace\open\src\hotspot\share\interpreter\linkResolver.cpp, line 766]
Event: 0.455 Thread 0x000001a9e09e3e40 Exception <a 'java/lang/NoSuchMethodError'{0x000000074d2aad28}: 'void java.lang.invoke.DirectMethodHandle$Holder.invokeSpecial(java.lang.Object, java.lang.Object, java.lang.Object)'> (0x000000074d2aad28) 
thrown [t:\workspace\open\src\hotspot\share\interpreter\linkResolver.cpp, line 766]
Event: 0.462 Thread 0x000001a9e09e3e40 Exception <a 'java/lang/NoSuchMethodError'{0x000000074d2fb750}: 'java.lang.Object java.lang.invoke.DirectMethodHandle$Holder.newInvokeSpecial(java.lang.Object, java.lang.Object, java.lang.Object, java.lang.Object, java.lang.Object)'> (0x000000074d2fb750) 
thrown [t:\workspace\open\src\hotspot\share\interpreter\linkResolver.cpp, line 766]
Event: 0.463 Thread 0x000001a9e09e3e40 Exception <a 'java/lang/NoSuchMethodError'{0x000000074d307118}: 'java.lang.Object java.lang.invoke.DirectMethodHandle$Holder.invokeStatic(java.lang.Object, int, java.lang.Object, java.lang.Object, java.lang.Object, java.lang.Object)'> (0x000000074d307118) 
thrown [t:\workspace\open\src\hotspot\share\interpreter\linkResolver.cpp, line 766]
Event: 0.467 Thread 0x000001a9e09e3e40 Exception <a 'java/lang/NoSuchMethodError'{0x000000074d32cf08}: 'java.lang.Object java.lang.invoke.DirectMethodHandle$Holder.invokeStatic(java.lang.Object, int, java.lang.Object)'> (0x000000074d32cf08) 
thrown [t:\workspace\open\src\hotspot\share\interpreter\linkResolver.cpp, line 766]
Event: 0.496 Thread 0x000001a9e09e3e40 Exception <a 'java/lang/ClassNotFoundException'{0x000000074d3f3b70}: com/sun/swing/internal/plaf/metal/resources/spi/metalProvider> (0x000000074d3f3b70) 
thrown [t:\workspace\open\src\hotspot\share\classfile\systemDictionary.cpp, line 256]
Event: 0.498 Thread 0x000001a9e09e3e40 Exception <a 'java/lang/ClassNotFoundException'{0x000000074d3fa438}: com/sun/swing/internal/plaf/basic/resources/spi/basicProvider> (0x000000074d3fa438) 
thrown [t:\workspace\open\src\hotspot\share\classfile\systemDictionary.cpp, line 256]
Event: 0.615 Thread 0x000001a9e09e3e40 Exception <a 'java/lang/NoSuchMethodError'{0x000000074ddc3a30}: 'java.lang.Object java.lang.invoke.DirectMethodHandle$Holder.invokeInterface(java.lang.Object, java.lang.Object)'> (0x000000074ddc3a30) 
thrown [t:\workspace\open\src\hotspot\share\interpreter\linkResolver.cpp, line 766]
Event: 0.708 Thread 0x000001a9e09e3e40 Implicit null exception at 0x000001a9cdc6f10f to 0x000001a9cdc6f18d
Event: 0.740 Thread 0x000001a9e09e3e40 Implicit null exception at 0x000001a9cdca0277 to 0x000001a9cdca0a90
Event: 0.740 Thread 0x000001a9e09e3e40 Exception <a 'java/io/FileNotFoundException'{0x000000074d4e9248}> (0x000000074d4e9248) 
thrown [t:\workspace\open\src\hotspot\share\prims\jni.cpp, line 516]
Event: 0.742 Thread 0x000001a9e09e3e40 Exception <a 'java/io/FileNotFoundException'{0x000000074d4fe0c0}> (0x000000074d4fe0c0) 
thrown [t:\workspace\open\src\hotspot\share\prims\jni.cpp, line 516]
Event: 0.743 Thread 0x000001a9e09e3e40 Exception <a 'java/io/FileNotFoundException'{0x000000074d50e288}> (0x000000074d50e288) 
thrown [t:\workspace\open\src\hotspot\share\prims\jni.cpp, line 516]
Event: 0.744 Thread 0x000001a9e09e3e40 Exception <a 'java/io/FileNotFoundException'{0x000000074d522e08}> (0x000000074d522e08) 
thrown [t:\workspace\open\src\hotspot\share\prims\jni.cpp, line 516]
Event: 0.758 Thread 0x000001a9e09d2570 Exception <a 'java/lang/NoSuchMethodError'{0x000000074d5b2278}: 'void java.lang.invoke.DirectMethodHandle$Holder.invokeVirtual(java.lang.Object, java.lang.Object)'> (0x000000074d5b2278) 
thrown [t:\workspace\open\src\hotspot\share\interpreter\linkResolver.cpp, line 766]
Event: 0.772 Thread 0x000001a9e09e3e40 Exception <a 'java/lang/NoSuchMethodError'{0x000000074d200548}: 'void java.lang.invoke.DirectMethodHandle$Holder.invokeStaticInit(java.lang.Object)'> (0x000000074d200548) 
thrown [t:\workspace\open\src\hotspot\share\interpreter\linkResolver.cpp, line 766]
Event: 0.781 Thread 0x000001a9e09e3e40 Exception <a 'java/io/FileNotFoundException'{0x000000074d239e28}> (0x000000074d239e28) 
thrown [t:\workspace\open\src\hotspot\share\prims\jni.cpp, line 516]

VM Operations (20 events):
Event: 0.662 Executing VM operation: HandshakeAllThreads
Event: 0.662 Executing VM operation: HandshakeAllThreads done
Event: 0.791 Executing VM operation: HandshakeAllThreads
Event: 0.791 Executing VM operation: HandshakeAllThreads done
Event: 0.825 Executing VM operation: HandshakeAllThreads
Event: 0.825 Executing VM operation: HandshakeAllThreads done
Event: 1.025 Executing VM operation: HandshakeAllThreads
Event: 1.025 Executing VM operation: HandshakeAllThreads done
Event: 1.032 Executing VM operation: HandshakeAllThreads
Event: 1.032 Executing VM operation: HandshakeAllThreads done
Event: 1.961 Executing VM operation: ICBufferFull
Event: 1.962 Executing VM operation: ICBufferFull done
Event: 2.969 Executing VM operation: Cleanup
Event: 2.969 Executing VM operation: Cleanup done
Event: 3.971 Executing VM operation: Cleanup
Event: 3.971 Executing VM operation: Cleanup done
Event: 4.981 Executing VM operation: Cleanup
Event: 4.982 Executing VM operation: Cleanup done
Event: 5.995 Executing VM operation: Cleanup
Event: 5.996 Executing VM operation: Cleanup done

Events (20 events):
Event: 1.937 loading class java/awt/event/ItemEvent
Event: 1.937 loading class java/awt/event/ItemEvent done
Event: 1.939 loading class java/util/TooManyListenersException
Event: 1.939 loading class java/util/TooManyListenersException done
Event: 1.942 loading class java/lang/NumberFormatException
Event: 1.942 loading class java/lang/NumberFormatException done
Event: 1.945 Thread 0x000001a9e1f05c00 Thread added: 0x000001a9e1f05c00
Event: 1.954 Thread 0x000001a9e1f069b0 Thread added: 0x000001a9e1f069b0
Event: 1.954 Thread 0x000001a9e1f11760 Thread added: 0x000001a9e1f11760
Event: 1.955 Thread 0x000001a9e1f0ff50 Thread added: 0x000001a9e1f0ff50
Event: 1.955 loading class java/lang/Math$RandomNumberGeneratorHolder
Event: 1.955 loading class java/lang/Math$RandomNumberGeneratorHolder done
Event: 1.986 Thread 0x000001a9e1ee4380 Thread added: 0x000001a9e1ee4380
Event: 2.095 Thread 0x000001a9e2038400 Thread added: 0x000001a9e2038400
Event: 3.156 Thread 0x000001a9e2038400 Thread exited: 0x000001a9e2038400
Event: 3.156 Thread 0x000001a9e1ee4380 Thread exited: 0x000001a9e1ee4380
Event: 4.694 Thread 0x000001a9e1f0ff50 Thread exited: 0x000001a9e1f0ff50
Event: 8.233 Thread 0x000001a9e1f05c00 Thread exited: 0x000001a9e1f05c00
Event: 8.239 loading class java/awt/LightweightDispatcher$2
Event: 8.239 loading class java/awt/LightweightDispatcher$2 done


Dynamic libraries:
0x00007ff6d2260000 - 0x00007ff6d2270000 	C:\Program Files\Java\jdk-17.0.2\bin\javaw.exe
0x00007ffdad4f0000 - 0x00007ffdad6e5000 	C:\WINDOWS\SYSTEM32\ntdll.dll
0x00007ffdab8e0000 - 0x00007ffdab99e000 	C:\WINDOWS\System32\KERNEL32.DLL
0x00007ffdaac00000 - 0x00007ffdaaec8000 	C:\WINDOWS\System32\KERNELBASE.dll
0x00007ffdab3a0000 - 0x00007ffdab4a0000 	C:\WINDOWS\System32\ucrtbase.dll
0x00007ffda4bc0000 - 0x00007ffda4bda000 	C:\Program Files\Java\jdk-17.0.2\bin\VCRUNTIME140.dll
0x00007ffda4b60000 - 0x00007ffda4b78000 	C:\Program Files\Java\jdk-17.0.2\bin\jli.dll
0x00007ffdaccf0000 - 0x00007ffdacd9e000 	C:\WINDOWS\System32\ADVAPI32.dll
0x00007ffdab9a0000 - 0x00007ffdaba3e000 	C:\WINDOWS\System32\msvcrt.dll
0x00007ffdacec0000 - 0x00007ffdacf5c000 	C:\WINDOWS\System32\sechost.dll
0x00007ffdab7b0000 - 0x00007ffdab8d5000 	C:\WINDOWS\System32\RPCRT4.dll
0x00007ffdab530000 - 0x00007ffdab6d1000 	C:\WINDOWS\System32\USER32.dll
0x00007ffdaafc0000 - 0x00007ffdaafe2000 	C:\WINDOWS\System32\win32u.dll
0x00007ffd93340000 - 0x00007ffd935da000 	C:\WINDOWS\WinSxS\amd64_microsoft.windows.common-controls_6595b64144ccf1df_6.0.19041.1110_none_60b5254171f9507e\COMCTL32.dll
0x00007ffdac9e0000 - 0x00007ffdaca0b000 	C:\WINDOWS\System32\GDI32.dll
0x00007ffdab0a0000 - 0x00007ffdab1ad000 	C:\WINDOWS\System32\gdi32full.dll
0x00007ffdaaed0000 - 0x00007ffdaaf6d000 	C:\WINDOWS\System32\msvcp_win.dll
0x00007ffda0110000 - 0x00007ffda011a000 	C:\WINDOWS\SYSTEM32\VERSION.dll
0x00007ffdabce0000 - 0x00007ffdabd10000 	C:\WINDOWS\System32\IMM32.DLL
0x00007ffda6370000 - 0x00007ffda637c000 	C:\Program Files\Java\jdk-17.0.2\bin\vcruntime140_1.dll
0x00007ffd7d4e0000 - 0x00007ffd7d56d000 	C:\Program Files\Java\jdk-17.0.2\bin\msvcp140.dll
0x00007ffd65630000 - 0x00007ffd661f1000 	C:\Program Files\Java\jdk-17.0.2\bin\server\jvm.dll
0x00007ffdad3e0000 - 0x00007ffdad3e8000 	C:\WINDOWS\System32\PSAPI.DLL
0x00007ffd95c70000 - 0x00007ffd95c97000 	C:\WINDOWS\SYSTEM32\WINMM.dll
0x00007ffda5230000 - 0x00007ffda5239000 	C:\WINDOWS\SYSTEM32\WSOCK32.dll
0x00007ffdac970000 - 0x00007ffdac9db000 	C:\WINDOWS\System32\WS2_32.dll
0x00007ffda9470000 - 0x00007ffda9482000 	C:\WINDOWS\SYSTEM32\kernel.appcore.dll
0x00007ffda5110000 - 0x00007ffda511a000 	C:\Program Files\Java\jdk-17.0.2\bin\jimage.dll
0x00007ffda89f0000 - 0x00007ffda8bd4000 	C:\WINDOWS\SYSTEM32\DBGHELP.DLL
0x00007ffd95ca0000 - 0x00007ffd95ccc000 	C:\WINDOWS\SYSTEM32\dbgcore.DLL
0x00007ffdab4a0000 - 0x00007ffdab522000 	C:\WINDOWS\System32\bcryptPrimitives.dll
0x00007ffd7d4a0000 - 0x00007ffd7d4db000 	C:\Program Files\Java\jdk-17.0.2\bin\jdwp.dll
0x00007ffda4980000 - 0x00007ffda498e000 	C:\Program Files\Java\jdk-17.0.2\bin\instrument.dll
0x00007ffd8e9d0000 - 0x00007ffd8e9f5000 	C:\Program Files\Java\jdk-17.0.2\bin\java.dll
0x00007ffd6b6b0000 - 0x00007ffd6b786000 	C:\Program Files\Java\jdk-17.0.2\bin\jsvml.dll
0x00007ffdac200000 - 0x00007ffdac944000 	C:\WINDOWS\System32\SHELL32.dll
0x00007ffda8cd0000 - 0x00007ffda9465000 	C:\WINDOWS\SYSTEM32\windows.storage.dll
0x00007ffdabd10000 - 0x00007ffdac065000 	C:\WINDOWS\System32\combase.dll
0x00007ffdaa650000 - 0x00007ffdaa67e000 	C:\WINDOWS\SYSTEM32\Wldp.dll
0x00007ffdacc40000 - 0x00007ffdacced000 	C:\WINDOWS\System32\SHCORE.dll
0x00007ffdad450000 - 0x00007ffdad4a5000 	C:\WINDOWS\System32\shlwapi.dll
0x00007ffdaab40000 - 0x00007ffdaab5f000 	C:\WINDOWS\SYSTEM32\profapi.dll
0x00007ffd93230000 - 0x00007ffd9323c000 	C:\Program Files\Java\jdk-17.0.2\bin\dt_socket.dll
0x00007ffdaa050000 - 0x00007ffdaa08b000 	C:\WINDOWS\SYSTEM32\IPHLPAPI.DLL
0x00007ffdaa3b0000 - 0x00007ffdaa41a000 	C:\WINDOWS\system32\mswsock.dll
0x00007ffdaa090000 - 0x00007ffdaa15b000 	C:\WINDOWS\SYSTEM32\DNSAPI.dll
0x00007ffdacc30000 - 0x00007ffdacc38000 	C:\WINDOWS\System32\NSI.dll
0x00007ffda14e0000 - 0x00007ffda14ea000 	C:\Windows\System32\rasadhlp.dll
0x00007ffd9ef60000 - 0x00007ffd9efdf000 	C:\WINDOWS\System32\fwpuclnt.dll
0x00007ffdab310000 - 0x00007ffdab337000 	C:\WINDOWS\System32\bcrypt.dll
0x00007ffd9a3b0000 - 0x00007ffd9a3c8000 	C:\Program Files\Java\jdk-17.0.2\bin\zip.dll
0x00007ffda4b30000 - 0x00007ffda4b49000 	C:\Program Files\Java\jdk-17.0.2\bin\net.dll
0x00007ffd9f040000 - 0x00007ffd9f14c000 	C:\WINDOWS\SYSTEM32\WINHTTP.dll
0x00007ffda1ef0000 - 0x00007ffda1f06000 	C:\Program Files\Java\jdk-17.0.2\bin\nio.dll
0x00007ffda4e10000 - 0x00007ffda4e20000 	C:\Program Files\Java\jdk-17.0.2\bin\verify.dll
0x00007ffd6bb90000 - 0x00007ffd6bd1f000 	C:\Program Files\Java\jdk-17.0.2\bin\awt.dll
0x00007ffdab6e0000 - 0x00007ffdab7ad000 	C:\WINDOWS\System32\OLEAUT32.dll
0x00007ffda80a0000 - 0x00007ffda8130000 	C:\WINDOWS\SYSTEM32\apphelp.dll
0x00007ffda8270000 - 0x00007ffda830e000 	C:\WINDOWS\system32\uxtheme.dll
0x00007ffdacda0000 - 0x00007ffdaceb5000 	C:\WINDOWS\System32\MSCTF.dll
0x00007ffdac070000 - 0x00007ffdac19a000 	C:\WINDOWS\System32\ole32.dll
0x00007ffda8460000 - 0x00007ffda848f000 	C:\WINDOWS\system32\DWMAPI.DLL
0x00007ffd7f2d0000 - 0x00007ffd7f3f5000 	C:\WINDOWS\system32\opengl32.dll
0x00007ffd8eaf0000 - 0x00007ffd8eb1c000 	C:\WINDOWS\SYSTEM32\GLU32.dll
0x000000006af40000 - 0x000000006af9f000 	C:\Users\94hsk\Desktop\JAVA_Data_Monitoring\Data_Monitoring\buildpath\rxtxSerial.dll
0x00007ffd6bb00000 - 0x00007ffd6bb89000 	C:\Program Files\Java\jdk-17.0.2\bin\freetype.dll
0x00007ffd6ba50000 - 0x00007ffd6baf8000 	C:\Program Files\Java\jdk-17.0.2\bin\fontmanager.dll
0x00007ffdabac0000 - 0x00007ffdabb69000 	C:\WINDOWS\System32\clbcatq.dll
0x00007ffda3c10000 - 0x00007ffda3dc4000 	C:\WINDOWS\SYSTEM32\WindowsCodecs.dll
0x00007ffd84640000 - 0x00007ffd8467e000 	C:\WINDOWS\system32\dataexchange.dll
0x00007ffda6810000 - 0x00007ffda6a74000 	C:\WINDOWS\system32\d3d11.dll
0x00007ffda74a0000 - 0x00007ffda7685000 	C:\WINDOWS\system32\dcomp.dll
0x00007ffda94e0000 - 0x00007ffda95d4000 	C:\WINDOWS\system32\dxgi.dll
0x00007ffda4e40000 - 0x00007ffda5041000 	C:\WINDOWS\system32\twinapi.appcore.dll
0x00007ffda3fa0000 - 0x00007ffda4099000 	C:\WINDOWS\SYSTEM32\textinputframework.dll
0x00007ffda7a10000 - 0x00007ffda7d6e000 	C:\WINDOWS\System32\CoreUIComponents.dll
0x00007ffda7d70000 - 0x00007ffda7e62000 	C:\WINDOWS\System32\CoreMessaging.dll
0x00007ffda66b0000 - 0x00007ffda6804000 	C:\WINDOWS\SYSTEM32\wintypes.dll
0x00007ffda98e0000 - 0x00007ffda9913000 	C:\WINDOWS\SYSTEM32\ntmarta.dll
0x00007ffd62240000 - 0x00007ffd6230d000 	C:\WINDOWS\HancomIME\x64\HCHangulIME.dll
0x00007ffd847e0000 - 0x00007ffd84a63000 	C:\WINDOWS\SYSTEM32\DWrite.dll
0x00007ffda6ee0000 - 0x00007ffda74a0000 	C:\WINDOWS\SYSTEM32\d2d1.dll
0x00007ffd969b0000 - 0x00007ffd96e88000 	C:\WINDOWS\SYSTEM32\WININET.dll

dbghelp: loaded successfully - version: 4.0.5 - missing functions: none
symbol engine: initialized successfully - sym options: 0x614 - pdb path: .;C:\Program Files\Java\jdk-17.0.2\bin;C:\WINDOWS\SYSTEM32;C:\WINDOWS\WinSxS\amd64_microsoft.windows.common-controls_6595b64144ccf1df_6.0.19041.1110_none_60b5254171f9507e;C:\Program Files\Java\jdk-17.0.2\bin\server;C:\Users\94hsk\Desktop\JAVA_Data_Monitoring\Data_Monitoring\buildpath;C:\WINDOWS\HancomIME\x64

VM Arguments:
jvm_args: -XX:+ShowCodeDetailsInExceptionMessages -agentlib:jdwp=transport=dt_socket,suspend=y,address=localhost:60696 -Djava.library.path=C:\Users\94hsk\Desktop\JAVA_Data_Monitoring\Data_Monitoring\buildpath -javaagent:C:\Users\94hsk\eclipse\java-2021-12\eclipse\configuration\org.eclipse.osgi\224\0\.cp\lib\javaagent-shaded.jar -Dfile.encoding=MS949 
java_command: GUI
java_class_path (initial): C:\Users\94hsk\Desktop\JAVA_Data_Monitoring\Data_Monitoring\bin;C:\Users\94hsk\Desktop\JAVA_Data_Monitoring\Data_Monitoring\buildpath\jcommon-1.0.23.jar;C:\Users\94hsk\Desktop\JAVA_Data_Monitoring\Data_Monitoring\buildpath\jfreechart-1.0.19.jar;C:\Users\94hsk\Desktop\JAVA_Data_Monitoring\Data_Monitoring\buildpath\jfreechart-1.0.19-demo.jar;C:\Users\94hsk\Desktop\JAVA_Data_Monitoring\Data_Monitoring\buildpath\xchart-3.8.1.jar;C:\Users\94hsk\Desktop\JAVA_Data_Monitoring\Data_Monitoring\buildpath\RXTXcomm.jar
Launcher Type: SUN_STANDARD

[Global flags]
     intx CICompilerCount                          = 4                                         {product} {ergonomic}
     uint ConcGCThreads                            = 2                                         {product} {ergonomic}
     uint G1ConcRefinementThreads                  = 8                                         {product} {ergonomic}
   size_t G1HeapRegionSize                         = 2097152                                   {product} {ergonomic}
    uintx GCDrainStackTargetSize                   = 64                                        {product} {ergonomic}
   size_t InitialHeapSize                          = 201326592                                 {product} {ergonomic}
   size_t MarkStackSize                            = 4194304                                   {product} {ergonomic}
   size_t MaxHeapSize                              = 3189768192                                {product} {ergonomic}
   size_t MaxNewSize                               = 1912602624                                {product} {ergonomic}
   size_t MinHeapDeltaBytes                        = 2097152                                   {product} {ergonomic}
   size_t MinHeapSize                              = 8388608                                   {product} {ergonomic}
    uintx NonNMethodCodeHeapSize                   = 5839372                                {pd product} {ergonomic}
    uintx NonProfiledCodeHeapSize                  = 122909434                              {pd product} {ergonomic}
    uintx ProfiledCodeHeapSize                     = 122909434                              {pd product} {ergonomic}
    uintx ReservedCodeCacheSize                    = 251658240                              {pd product} {ergonomic}
     bool SegmentedCodeCache                       = true                                      {product} {ergonomic}
     bool ShowCodeDetailsInExceptionMessages       = true                                   {manageable} {command line}
   size_t SoftMaxHeapSize                          = 3189768192                             {manageable} {ergonomic}
     bool UseCompressedClassPointers               = true                           {product lp64_product} {ergonomic}
     bool UseCompressedOops                        = true                           {product lp64_product} {ergonomic}
     bool UseG1GC                                  = true                                      {product} {ergonomic}
     bool UseLargePagesIndividualAllocation        = false                                  {pd product} {ergonomic}

Logging:
Log output configuration:
 #0: stdout all=warning uptime,level,tags
 #1: stderr all=off uptime,level,tags

Environment Variables:
PATH=C:\Program Files\Common Files\Oracle\Java\javapath;C:\WINDOWS\system32;C:\WINDOWS;C:\WINDOWS\System32\Wbem;C:\WINDOWS\System32\WindowsPowerShell\v1.0\;C:\WINDOWS\System32\OpenSSH\;C:\Program Files\Java\jdk-17.0.2\bin;C:\Users\94hsk\AppData\Local\Microsoft\WindowsApps;
USERNAME=94hsk
OS=Windows_NT
PROCESSOR_IDENTIFIER=Intel64 Family 6 Model 142 Stepping 11, GenuineIntel



---------------  S Y S T E M  ---------------

OS:
 Windows 10 , 64 bit Build 19041 (10.0.19041.1466)
OS uptime: 4 days 1:57 hours

CPU: total 8 (initial active 8) (4 cores per cpu, 2 threads per core) family 6 model 142 stepping 11 microcode 0xea, cx8, cmov, fxsr, ht, mmx, 3dnowpref, sse, sse2, sse3, ssse3, sse4.1, sse4.2, popcnt, lzcnt, tsc, tscinvbit, avx, avx2, aes, erms, clmul, bmi1, bmi2, adx, fma, vzeroupper, clflush, clflushopt

Memory: 4k page, system-wide physical 12166M (5398M free)
TotalPageFile size 14022M (AvailPageFile size 3500M)
current process WorkingSet (physical memory assigned to process): 104M, peak: 123M
current process commit charge ("private bytes"): 308M, peak: 327M

vm_info: Java HotSpot(TM) 64-Bit Server VM (17.0.2+8-LTS-86) for windows-amd64 JRE (17.0.2+8-LTS-86), built on Dec  7 2021 21:51:03 by "mach5one" with MS VC++ 16.8 / 16.9 (VS2019)

END.
